build/app/outputs/mapping/release/seeds.txt
com.my.excel.hileleri.MainActivity
com.my.excel.hileleri.MainActivity: MainActivity()
...
androidx.window.embedding.SplitInfo: int hashCode()
com.pichillilorenzo.flutter_inappwebview.pull_to_refresh.PullToRefreshLayout: PullToRefreshLayout(android.content.Context,io.flutter.plugin.common.MethodChannel,com.pichillilorenzo.flutter_inappwebview.pull_to_refresh.PullToRefreshOptions)
com.pichillilorenzo.flutter_inappwebview.chrome_custom_tabs.ChromeCustomTabsActivity: void onStart()
androidx.core.widget.TextViewCompat$Api16Impl: boolean getIncludeFontPadding(android.widget.TextView)
io.flutter.embedding.engine.systemchannels.PlatformChannel$HapticFeedbackType: io.flutter.embedding.engine.systemchannels.PlatformChannel$HapticFeedbackType valueOf(java.lang.String)
androidx.fragment.app.FragmentActivity: boolean onPrepareOptionsPanel(android.view.View,android.view.Menu)
org.chromium.support_lib_boundary.WebResourceRequestBoundaryInterface: boolean isRedirect()
androidx.webkit.internal.ApiHelperForQ: android.webkit.WebViewRenderProcess getWebViewRenderProcess(android.webkit.WebView)
androidx.fragment.app.FragmentActivity: void onStop()
com.pichillilorenzo.flutter_inappwebview.in_app_webview.InAppWebView$4$1: InAppWebView$4$1(com.pichillilorenzo.flutter_inappwebview.in_app_webview.InAppWebView$4)
androidx.appcompat.widget.Toolbar: int getTitleMarginEnd()
com.pichillilorenzo.flutter_inappwebview.in_app_webview.InAppWebViewChromeClient$9: void onClick(android.content.DialogInterface,int)
androidx.window.layout.WindowMetricsCalculator$Companion$reset$1: WindowMetricsCalculator$Companion$reset$1()
com.google.android.gms.internal.ads.zzir: com.google.android.gms.internal.ads.zzno zza(android.content.Context,com.google.android.gms.internal.ads.zzjc,boolean)
com.pichillilorenzo.flutter_inappwebview.in_app_webview.InAppWebView$10$1: void onReceiveValue(java.lang.String)
androidx.core.view.MarginLayoutParamsCompat$Api17Impl: void setLayoutDirection(android.view.ViewGroup$MarginLayoutParams,int)
com.google.android.gms.measurement.internal.AppMeasurementDynamiteService: void setConditionalUserProperty(android.os.Bundle,long)
com.pichillilorenzo.flutter_inappwebview.in_app_webview.InAppWebViewClient$2: void error(java.lang.String,java.lang.String,java.lang.Object)
com.pichillilorenzo.flutter_inappwebview.R$anim: R$anim()
com.pichillilorenzo.flutter_inappwebview.chrome_custom_tabs.CustomTabsHelper: void addKeepAliveExtra(android.content.Context,android.content.Intent)
androidx.core.view.ViewCompat$Api21Impl: void setOnApplyWindowInsetsListener(android.view.View,androidx.core.view.OnApplyWindowInsetsListener)
androidx.core.view.MenuItemCompat$Api26Impl: android.view.MenuItem setTooltipText(android.view.MenuItem,java.lang.CharSequence)
io.flutter.embedding.engine.FlutterJNI: void registerTexture(long,io.flutter.embedding.engine.renderer.SurfaceTextureWrapper)
com.google.android.gms.measurement.internal.AppMeasurementDynamiteService: void getSessionId(com.google.android.gms.internal.measurement.zzcf)
androidx.core.view.ViewCompat$Api21Impl: float getTranslationZ(android.view.View)
androidx.appcompat.widget.SearchView: void setQueryRefinementEnabled(boolean)
androidx.appcompat.widget.AppCompatAutoCompleteTextView: void setBackgroundDrawable(android.graphics.drawable.Drawable)
org.chromium.support_lib_boundary.ServiceWorkerWebSettingsBoundaryInterface: boolean getAllowFileAccess()
org.chromium.support_lib_boundary.ServiceWorkerWebSettingsBoundaryInterface: boolean getBlockNetworkLoads()
androidx.window.layout.SidecarWindowBackend: java.util.concurrent.CopyOnWriteArrayList getWindowLayoutChangeCallbacks()
androidx.window.embedding.ExtensionEmbeddingBackend: void unregisterSplitListenerForActivity(androidx.core.util.Consumer)
androidx.core.widget.TextViewCompat$Api17Impl: void setCompoundDrawablesRelative(android.widget.TextView,android.graphics.drawable.Drawable,android.graphics.drawable.Drawable,android.graphics.drawable.Drawable,android.graphics.drawable.Drawable)