build/app/outputs/mapping/release/mapping.txt
# compiler: R8
# compiler_version: 3.1.66
# min_api: 19
# pg_map_id: 7d7479c
# common_typos_disable
# {"id":"com.android.tools.r8.mapping","version":"1.0"}
...
com.google.android.gms.ads.initialization.OnInitializationCompleteListener -> f1.c:
    void onInitializationComplete(com.google.android.gms.ads.initialization.InitializationStatus) -> a
com.google.android.gms.ads.internal.ClientApi -> com.google.android.gms.ads.internal.ClientApi:
    com.google.android.gms.internal.ads.zzbeh zzj(com.google.android.gms.dynamic.IObjectWrapper,com.google.android.gms.dynamic.IObjectWrapper,com.google.android.gms.dynamic.IObjectWrapper) -> I3
    com.google.android.gms.ads.internal.client.zzco zzg(com.google.android.gms.dynamic.IObjectWrapper,int) -> J0
    com.google.android.gms.ads.internal.client.zzdj zzh(com.google.android.gms.dynamic.IObjectWrapper,com.google.android.gms.internal.ads.zzbnf,int) -> L4
    com.google.android.gms.internal.ads.zzbug zzn(com.google.android.gms.dynamic.IObjectWrapper,com.google.android.gms.internal.ads.zzbnf,int) -> O2
    com.google.android.gms.internal.ads.zzbeb zzi(com.google.android.gms.dynamic.IObjectWrapper,com.google.android.gms.dynamic.IObjectWrapper) -> S2
    com.google.android.gms.ads.internal.client.zzbu zze(com.google.android.gms.dynamic.IObjectWrapper,com.google.android.gms.ads.internal.client.zzq,java.lang.String,com.google.android.gms.internal.ads.zzbnf,int) -> U1
    com.google.android.gms.internal.ads.zzbqv zzl(com.google.android.gms.dynamic.IObjectWrapper,com.google.android.gms.internal.ads.zzbnf,int) -> Z4
    com.google.android.gms.internal.ads.zzbip zzk(com.google.android.gms.dynamic.IObjectWrapper,com.google.android.gms.internal.ads.zzbnf,int,com.google.android.gms.internal.ads.zzbim) -> g4
com.google.android.gms.ads.internal.client.zza -> h1.a:
    void onAdClicked() -> F
com.google.android.gms.ads.internal.client.zzaa -> h1.b:
    com.google.android.gms.ads.internal.client.zzaw zzb -> c
    android.app.Activity zza -> b
    java.lang.Object zza() -> a
    java.lang.Object zzb(com.google.android.gms.ads.internal.client.zzce) -> b
    java.lang.Object zzc() -> c
com.google.android.gms.ads.internal.client.zzab -> h1.c:
    com.google.android.gms.ads.internal.client.zzab zza -> a
    java.lang.Object zza(java.lang.Object) -> a
com.google.android.gms.ads.internal.client.zzac -> h1.d:
    android.content.Context zza -> b
    com.google.android.gms.internal.ads.zzbnf zzb -> c
    java.lang.Object zza() -> a
    java.lang.Object zzb(com.google.android.gms.ads.internal.client.zzce) -> b
    java.lang.Object zzc() -> c
com.google.android.gms.ads.internal.client.zzad -> h1.e:
    com.google.android.gms.ads.internal.client.zzad zza -> a
    java.lang.Object zza(java.lang.Object) -> a
com.google.android.gms.ads.internal.client.zzae -> h1.f:
    android.content.Context zza -> b
    com.google.android.gms.internal.ads.zzbnf zzb -> c
    java.lang.Object zza() -> a
    java.lang.Object zzb(com.google.android.gms.ads.internal.client.zzce) -> b
    java.lang.Object zzc() -> c
com.google.android.gms.ads.internal.client.zzaf -> h1.g:
    com.google.android.gms.ads.internal.client.zzaf zza -> a
    java.lang.Object zza(java.lang.Object) -> a
com.google.android.gms.ads.internal.client.zzag -> h1.h:
    android.content.Context zza -> b
    com.google.android.gms.internal.ads.zzbnf zzb -> c
    java.lang.Object zza() -> a
    java.lang.Object zzb(com.google.android.gms.ads.internal.client.zzce) -> b
    java.lang.Object zzc() -> c
com.google.android.gms.ads.internal.client.zzaj -> h1.i:
    com.google.android.gms.ads.internal.client.zzaw zze -> f
    android.content.Context zza -> b
    com.google.android.gms.internal.ads.zzbnf zzd -> e
    com.google.android.gms.ads.internal.client.zzq zzb -> c
    java.lang.String zzc -> d
    java.lang.Object zza() -> a
    java.lang.Object zzb(com.google.android.gms.ads.internal.client.zzce) -> b
    java.lang.Object zzc() -> c