build/app/outputs/mapping/release/usage.txt
com.my.excel.hileleri.BuildConfig
com.my.excel.hileleri.R$anim
com.my.excel.hileleri.R$animator
com.my.excel.hileleri.R$attr
com.my.excel.hileleri.R$bool
com.my.excel.hileleri.R$color
com.my.excel.hileleri.R$dimen
com.my.excel.hileleri.R$drawable
com.my.excel.hileleri.R$id
com.my.excel.hileleri.R$integer
com.my.excel.hileleri.R$interpolator
com.my.excel.hileleri.R$layout
com.my.excel.hileleri.R$menu
com.my.excel.hileleri.R$mipmap
com.my.excel.hileleri.R$raw
com.my.excel.hileleri.R$string
com.my.excel.hileleri.R$style
com.my.excel.hileleri.R$styleable
com.my.excel.hileleri.R$xml
com.my.excel.hileleri.R
...
androidx.core.app.NotificationCompat$BubbleMetadata:
    private static final int FLAG_AUTO_EXPAND_BUBBLE
    private static final int FLAG_SUPPRESS_NOTIFICATION
    private android.app.PendingIntent mDeleteIntent
    private int mDesiredHeight
    private int mDesiredHeightResId
    private int mFlags
    private androidx.core.graphics.drawable.IconCompat mIcon
    private android.app.PendingIntent mPendingIntent
    private java.lang.String mShortcutId
    private void <init>(android.app.PendingIntent,android.app.PendingIntent,androidx.core.graphics.drawable.IconCompat,int,int,int,java.lang.String)
    synthetic void <init>(android.app.PendingIntent,android.app.PendingIntent,androidx.core.graphics.drawable.IconCompat,int,int,int,java.lang.String,androidx.core.app.NotificationCompat$1)
    public static androidx.core.app.NotificationCompat$BubbleMetadata fromPlatform(android.app.Notification$BubbleMetadata)
    public void setFlags(int)
androidx.core.app.NotificationCompat$Builder:
    private static final int MAX_CHARSEQUENCE_LENGTH
    boolean mChronometerCountDown
    public void <init>(android.content.Context,android.app.Notification)
    public androidx.core.app.NotificationCompat$Builder addAction(androidx.core.app.NotificationCompat$Action)
    public androidx.core.app.NotificationCompat$Builder addExtras(android.os.Bundle)
    public androidx.core.app.NotificationCompat$Builder addInvisibleAction(int,java.lang.CharSequence,android.app.PendingIntent)
    public androidx.core.app.NotificationCompat$Builder addInvisibleAction(androidx.core.app.NotificationCompat$Action)
    public androidx.core.app.NotificationCompat$Builder addPerson(androidx.core.app.Person)
    public androidx.core.app.NotificationCompat$Builder addPerson(java.lang.String)
    public androidx.core.app.NotificationCompat$Builder clearActions()
    public androidx.core.app.NotificationCompat$Builder clearInvisibleActions()
    public androidx.core.app.NotificationCompat$Builder clearPeople()
    public android.widget.RemoteViews createBigContentView()
    public android.widget.RemoteViews createContentView()
    public android.widget.RemoteViews createHeadsUpContentView()
    public androidx.core.app.NotificationCompat$Builder extend(androidx.core.app.NotificationCompat$Extender)
    public android.widget.RemoteViews getBigContentView()
androidx.core.app.NotificationCompat$CarExtender$UnreadConversation$Builder
androidx.core.app.NotificationCompat$CarExtender$UnreadConversation
androidx.core.app.NotificationCompat$CarExtender
androidx.core.app.NotificationCompat$DecoratedCustomViewStyle
androidx.core.app.NotificationCompat$Extender
androidx.core.app.NotificationCompat$GroupAlertBehavior
androidx.core.app.NotificationCompat$InboxStyle
androidx.core.app.NotificationCompat$MessagingStyle$Message
androidx.core.app.NotificationCompat$MessagingStyle
androidx.core.app.NotificationCompat$NotificationVisibility
androidx.core.app.NotificationCompat$ServiceNotificationBehavior
androidx.core.app.NotificationCompat$StreamType